<?xml version="1.0" encoding="UTF-8"?>
<testng-results skipped="0" failed="0" total="2" passed="2">
  <reporter-output>
  </reporter-output>
  <suite name="Default suite" duration-ms="8123" started-at="2015-06-30T06:03:59Z" finished-at="2015-06-30T06:04:07Z">
    <groups>
    </groups>
    <test name="Default test" duration-ms="8123" started-at="2015-06-30T06:03:59Z" finished-at="2015-06-30T06:04:07Z">
      <class name="com.example.tests.GroupCreationTests">
        <test-method status="PASS" signature="setUp()[pri:0, instance:com.example.tests.GroupCreationTests@61129920]" name="setUp" is-config="true" duration-ms="9" started-at="2015-06-30T09:03:59Z" finished-at="2015-06-30T09:03:59Z">
          <reporter-output>
          </reporter-output>
        </test-method> <!-- setUp -->
        <test-method status="PASS" signature="testGroupWithEmptyDataCanBeCreated()[pri:0, instance:com.example.tests.GroupCreationTests@61129920]" name="testGroupWithEmptyDataCanBeCreated" duration-ms="6542" started-at="2015-06-30T09:03:59Z" finished-at="2015-06-30T09:04:06Z">
          <reporter-output>
          </reporter-output>
        </test-method> <!-- testGroupWithEmptyDataCanBeCreated -->
        <test-method status="PASS" signature="testValidGr()[pri:0, instance:com.example.tests.GroupCreationTests@61129920]" name="testValidGr" duration-ms="1362" started-at="2015-06-30T09:04:06Z" finished-at="2015-06-30T09:04:07Z">
          <reporter-output>
          </reporter-output>
        </test-method> <!-- testValidGr -->
        <test-method status="PASS" signature="tearDown()[pri:0, instance:com.example.tests.GroupCreationTests@61129920]" name="tearDown" is-config="true" duration-ms="197" started-at="2015-06-30T09:04:07Z" finished-at="2015-06-30T09:04:07Z">
          <reporter-output>
          </reporter-output>
        </test-method> <!-- tearDown -->
      </class> <!-- com.example.tests.GroupCreationTests -->
    </test> <!-- Default test -->
  </suite> <!-- Default suite -->
</testng-results>
